\BOOKMARK [0][-]{chapter.1}{\376\377\000W\000p\000r\000o\000w\000a\000d\000z\000e\000n\000i\000e}{}% 1
\BOOKMARK [1][-]{section.1.1}{\376\377\000M\000o\000t\000y\000w\000a\000c\000j\000a}{chapter.1}% 2
\BOOKMARK [1][-]{section.1.2}{\376\377\000C\000e\000l}{chapter.1}% 3
\BOOKMARK [1][-]{section.1.3}{\376\377\000Z\000a\000k\000r\000e\000s}{chapter.1}% 4
\BOOKMARK [0][-]{chapter.2}{\376\377\000T\000e\000o\000r\000i\000a}{}% 5
\BOOKMARK [1][-]{section.2.1}{\376\377\000A\000r\000c\000h\000i\000t\000e\000k\000t\000u\000r\000a}{chapter.2}% 6
\BOOKMARK [1][-]{section.2.2}{\376\377\000Z\000a\000s\000a\000d\000a\000\040\000d\000z\000i\000a\001\102\000a\000n\000i\000a}{chapter.2}% 7
\BOOKMARK [2][-]{subsection.2.2.1}{\376\377\000S\000c\000a\000l\000e\000d\000\040\000d\000o\000t\000-\000p\000r\000o\000d\000u\000c\000t}{section.2.2}% 8
\BOOKMARK [2][-]{subsection.2.2.2}{\376\377\000M\000u\000l\000t\000i\000-\000H\000e\000a\000d\000\040\000A\000t\000t\000e\000n\000t\000i\000o\000n}{section.2.2}% 9
\BOOKMARK [0][-]{chapter.3}{\376\377\000M\000e\000t\000o\000d\000o\000l\000o\000g\000i\000a}{}% 10
\BOOKMARK [1][-]{section.3.1}{\376\377\000I\000m\000p\000l\000e\000m\000e\000n\000t\000a\000c\000j\000a\000\040\000m\000o\000d\000e\000l\000u}{chapter.3}% 11
\BOOKMARK [2][-]{subsection.3.1.1}{\376\377\001\132\000r\000o\000d\000o\000w\000i\000s\000k\000o\000\040\000p\000r\000o\000g\000r\000a\000m\000i\000s\000t\000y\000c\000z\000n\000e}{section.3.1}% 12
\BOOKMARK [2][-]{subsection.3.1.2}{\376\377\000P\000r\000z\000y\000g\000o\000t\000o\000w\000a\000n\000i\000e\000\040\000d\000a\000n\000y\000c\000h}{section.3.1}% 13
\BOOKMARK [2][-]{subsection.3.1.3}{\376\377\000A\000n\000a\000l\000i\000z\000a\000\040\000o\000b\000r\000a\000z\000\363\000w}{section.3.1}% 14
\BOOKMARK [1][-]{section.3.2}{\376\377\000I\000m\000p\000l\000e\000m\000e\000n\000t\000a\000c\000j\000a\000\040\000a\000p\000l\000i\000k\000a\000c\000j\000i\000\040\000m\000o\000b\000i\000l\000n\000e\000j}{chapter.3}% 15
\BOOKMARK [2][-]{subsection.3.2.1}{\376\377\001\132\000r\000o\000d\000o\000w\000i\000s\000k\000o\000\040\000p\000r\000o\000g\000r\000a\000m\000i\000s\000t\000y\000c\000z\000n\000e}{section.3.2}% 16
\BOOKMARK [2][-]{subsection.3.2.2}{\376\377\000C\000l\000e\000a\000n\000\040\000A\000r\000c\000h\000i\000t\000e\000c\000t\000u\000r\000e}{section.3.2}% 17
\BOOKMARK [2][-]{subsection.3.2.3}{\376\377\000B\000L\000o\000C}{section.3.2}% 18
\BOOKMARK [2][-]{subsection.3.2.4}{\376\377\000S\000t\000r\000u\000k\000t\000u\000r\000a\000\040\000a\000p\000l\000i\000k\000a\000c\000j\000i\000\040\000m\000o\000b\000i\000l\000n\000e\000j}{section.3.2}% 19
\BOOKMARK [0][-]{chapter.4}{\376\377\000W\000y\000n\000i\000k\000i}{}% 20
\BOOKMARK [1][-]{section.4.1}{\376\377\000F\000u\000n\000k\000c\000j\000o\000n\000a\000l\000n\000o\001\133\001\007\000\040\000a\000p\000l\000i\000k\000a\000c\000j\000i}{chapter.4}% 21
\BOOKMARK [1][-]{section.4.2}{\376\377\000T\000e\000s\000t\000y\000\040\000a\000p\000l\000i\000k\000a\000c\000j\000i}{chapter.4}% 22
\BOOKMARK [2][-]{subsection.4.2.1}{\376\377\000W\000y\000n\000i\000k\000i\000\040\000t\000e\000s\000t\000\363\000w}{section.4.2}% 23
\BOOKMARK [1][-]{section.4.3}{\376\377\000I\000n\000t\000e\000r\000f\000e\000j\000s\000\040\000u\001\174\000y\000t\000k\000o\000w\000n\000i\000k\000a}{chapter.4}% 24
\BOOKMARK [1][-]{section.4.4}{\376\377\000P\000r\000o\000b\000l\000e\000m\000y\000\040\000n\000a\000p\000o\000t\000k\000a\000n\000e\000\040\000p\000o\000d\000c\000z\000a\000s\000\040\000i\000m\000p\000l\000e\000m\000e\000n\000t\000a\000c\000j\000i}{chapter.4}% 25
\BOOKMARK [0][-]{chapter.5}{\376\377\000W\000n\000i\000o\000s\000k\000i}{}% 26
\BOOKMARK [1][-]{section.5.1}{\376\377\000A\000n\000a\000l\000i\000z\000a\000\040\000z\000a\000s\000t\000o\000s\000o\000w\000a\000n\000i\000a\000\040\000t\000r\000a\000n\000s\000f\000o\000r\000m\000e\000r\000\363\000w}{chapter.5}% 27
\BOOKMARK [1][-]{section.5.2}{\376\377\000P\000e\000r\000s\000p\000e\000k\000t\000y\000w\000a\000\040\000r\000o\000z\000w\000o\000j\000u}{chapter.5}% 28
\BOOKMARK [0][-]{chapter.6}{\376\377\000P\000o\000d\000s\000u\000m\000o\000w\000a\000n\000i\000e}{}% 29
\BOOKMARK [0][-]{chapter*.9}{\376\377\000B\000i\000b\000l\000i\000o\000g\000r\000a\000f\000i\000a}{}% 30
